<?xml version="1.0" encoding="UTF-8"?>
<testng-results skipped="0" failed="0" ignored="0" total="2" passed="2">
  <reporter-output>
  </reporter-output>
  <suite name="Suite" duration-ms="28602" started-at="2017-04-22T12:32:24Z" finished-at="2017-04-22T12:32:53Z">
    <groups>
    </groups>
    <test name="FirefoxTest" duration-ms="28149" started-at="2017-04-22T12:32:24Z" finished-at="2017-04-22T12:32:52Z">
      <class name="bi.com.seleniumgrid.TestGridClass">
        <test-method status="PASS" signature="launchbrowser(java.lang.String)[pri:0, instance:bi.com.seleniumgrid.TestGridClass@14acaea5]" name="launchbrowser" is-config="true" duration-ms="8412" started-at="2017-04-22T07:32:24Z" finished-at="2017-04-22T07:32:33Z">
          <params>
            <param index="0">
              <value>
                <![CDATA[firefox]]>
              </value>
            </param>
          </params>
          <reporter-output>
          </reporter-output>
        </test-method> <!-- launchbrowser -->
        <test-method status="PASS" signature="calculatepercent()[pri:0, instance:bi.com.seleniumgrid.TestGridClass@14acaea5]" name="calculatepercent" duration-ms="19492" started-at="2017-04-22T07:32:33Z" finished-at="2017-04-22T07:32:52Z">
          <reporter-output>
          </reporter-output>
        </test-method> <!-- calculatepercent -->
        <test-method status="PASS" signature="closeBrowser()[pri:0, instance:bi.com.seleniumgrid.TestGridClass@14acaea5]" name="closeBrowser" is-config="true" duration-ms="241" started-at="2017-04-22T07:32:52Z" finished-at="2017-04-22T07:32:52Z">
          <reporter-output>
          </reporter-output>
        </test-method> <!-- closeBrowser -->
      </class> <!-- bi.com.seleniumgrid.TestGridClass -->
    </test> <!-- FirefoxTest -->
    <test name="ChromeTest" duration-ms="28602" started-at="2017-04-22T12:32:24Z" finished-at="2017-04-22T12:32:53Z">
      <class name="bi.com.seleniumgrid.TestGridClass">
        <test-method status="PASS" signature="launchbrowser(java.lang.String)[pri:0, instance:bi.com.seleniumgrid.TestGridClass@91161c7]" name="launchbrowser" is-config="true" duration-ms="6869" started-at="2017-04-22T07:32:24Z" finished-at="2017-04-22T07:32:31Z">
          <params>
            <param index="0">
              <value>
                <![CDATA[chrome]]>
              </value>
            </param>
          </params>
          <reporter-output>
          </reporter-output>
        </test-method> <!-- launchbrowser -->
        <test-method status="PASS" signature="calculatepercent()[pri:0, instance:bi.com.seleniumgrid.TestGridClass@91161c7]" name="calculatepercent" duration-ms="20862" started-at="2017-04-22T07:32:31Z" finished-at="2017-04-22T07:32:52Z">
          <reporter-output>
          </reporter-output>
        </test-method> <!-- calculatepercent -->
        <test-method status="PASS" signature="closeBrowser()[pri:0, instance:bi.com.seleniumgrid.TestGridClass@91161c7]" name="closeBrowser" is-config="true" duration-ms="830" started-at="2017-04-22T07:32:52Z" finished-at="2017-04-22T07:32:53Z">
          <reporter-output>
          </reporter-output>
        </test-method> <!-- closeBrowser -->
      </class> <!-- bi.com.seleniumgrid.TestGridClass -->
    </test> <!-- ChromeTest -->
  </suite> <!-- Suite -->
</testng-results>
