<?xml version="1.0" encoding="UTF-8"?>
<testng-results skipped="0" failed="0" ignored="0" total="1" passed="1">
  <reporter-output>
  </reporter-output>
  <suite name="Default suite" duration-ms="19707" started-at="2017-04-22T11:56:00Z" finished-at="2017-04-22T11:56:20Z">
    <groups>
    </groups>
    <test name="Default test" duration-ms="19707" started-at="2017-04-22T11:56:00Z" finished-at="2017-04-22T11:56:20Z">
      <class name="bi.com.seleniumgrid.TestLocalFirefox">
        <test-method status="PASS" signature="launchbrowser()[pri:0, instance:bi.com.seleniumgrid.TestLocalFirefox@224edc67]" name="launchbrowser" is-config="true" duration-ms="6839" started-at="2017-04-22T06:56:00Z" finished-at="2017-04-22T06:56:07Z">
          <reporter-output>
          </reporter-output>
        </test-method> <!-- launchbrowser -->
        <test-method status="PASS" signature="calculatepercent()[pri:0, instance:bi.com.seleniumgrid.TestLocalFirefox@224edc67]" name="calculatepercent" duration-ms="12538" started-at="2017-04-22T06:56:07Z" finished-at="2017-04-22T06:56:20Z">
          <reporter-output>
          </reporter-output>
        </test-method> <!-- calculatepercent -->
        <test-method status="PASS" signature="closeBrowser()[pri:0, instance:bi.com.seleniumgrid.TestLocalFirefox@224edc67]" name="closeBrowser" is-config="true" duration-ms="315" started-at="2017-04-22T06:56:20Z" finished-at="2017-04-22T06:56:20Z">
          <reporter-output>
          </reporter-output>
        </test-method> <!-- closeBrowser -->
      </class> <!-- bi.com.seleniumgrid.TestLocalFirefox -->
    </test> <!-- Default test -->
  </suite> <!-- Default suite -->
</testng-results>
